<?xml version="1.0" encoding="UTF-8"?>
<testsuite name="no.hiof.samuelcd.tools.LeapYearCalculatorTest" tests="7" skipped="0" failures="0" errors="0" timestamp="2022-10-14T20:32:08" hostname="DESKTOP-P1M6OUN" time="0.03">
  <properties/>
  <testcase name="ConvertsValidStringFormatToInteger()" classname="no.hiof.samuelcd.tools.LeapYearCalculatorTest" time="0.02"/>
  <testcase name="divisibleByFourButNotOneHundred()" classname="no.hiof.samuelcd.tools.LeapYearCalculatorTest" time="0.001"/>
  <testcase name="ConvertsValidStringFormatButInvalidYearToInteger()" classname="no.hiof.samuelcd.tools.LeapYearCalculatorTest" time="0.001"/>
  <testcase name="divisibleByOneHundredButNotByFourHundred()" classname="no.hiof.samuelcd.tools.LeapYearCalculatorTest" time="0.001"/>
  <testcase name="throwsIllegalArgumentExceptionWhenInvalidStringIsConverted()" classname="no.hiof.samuelcd.tools.LeapYearCalculatorTest" time="0.003"/>
  <testcase name="notDivisibleByFour()" classname="no.hiof.samuelcd.tools.LeapYearCalculatorTest" time="0.001"/>
  <testcase name="divisibleByFourAndOneHundredAndFourHundred()" classname="no.hiof.samuelcd.tools.LeapYearCalculatorTest" time="0.0"/>
  <system-out><![CDATA[]]></system-out>
  <system-err><![CDATA[]]></system-err>
</testsuite>
